d:\vsprograme\initial-learning-of-c-language\c语言学习\c语言学习\x64\debug\vc145.pdb
d:\vsprograme\initial-learning-of-c-language\c语言学习\c语言学习\x64\debug\vc145.idb
d:\vsprograme\initial-learning-of-c-language\c语言学习\c语言学习\x64\debug\汉诺塔.obj
d:\vsprograme\initial-learning-of-c-language\c语言学习\c语言学习\x64\debug\水仙花数.obj
d:\vsprograme\initial-learning-of-c-language\c语言学习\c语言学习\x64\debug\数组统计成绩.obj
d:\vsprograme\initial-learning-of-c-language\c语言学习\c语言学习\x64\debug\分椰子.obj
d:\vsprograme\initial-learning-of-c-language\c语言学习\c语言学习\x64\debug\交换数组最大最小值.obj
d:\vsprograme\initial-learning-of-c-language\c语言学习\c语言学习\x64\debug\餐厅打分.obj
d:\vsprograme\initial-learning-of-c-language\c语言学习\c语言学习\x64\debug\抛骰子.obj
d:\vsprograme\initial-learning-of-c-language\c语言学习\c语言学习\x64\debug\文曲星游戏.obj
d:\vsprograme\initial-learning-of-c-language\c语言学习\c语言学习\x64\debug\关机.obj
d:\vsprograme\initial-learning-of-c-language\c语言学习\c语言学习\x64\debug\insert功能.obj
d:\vsprograme\initial-learning-of-c-language\c语言学习\c语言学习\x64\debug\if语句作业.obj
d:\vsprograme\initial-learning-of-c-language\c语言学习\c语言学习\x64\debug\猜数字游戏.obj
d:\vsprograme\initial-learning-of-c-language\c语言学习\c语言学习\x64\debug\九九乘法表.obj
d:\vsprograme\initial-learning-of-c-language\c语言学习\c语言学习\x64\debug\2.9作业.obj
d:\vsprograme\initial-learning-of-c-language\c语言学习\x64\debug\c语言学习.exe
d:\vsprograme\initial-learning-of-c-language\c语言学习\x64\debug\c语言学习.pdb
d:\vsprograme\initial-learning-of-c-language\c语言学习\c语言学习\x64\debug\c语言学习.ilk
d:\vsprograme\initial-learning-of-c-language\c语言学习\c语言学习\x64\debug\分支循环作业.obj
d:\vsprograme\initial-learning-of-c-language\c语言学习\c语言学习\x64\debug\c语言学习.tlog\cl.command.1.tlog
d:\vsprograme\initial-learning-of-c-language\c语言学习\c语言学习\x64\debug\c语言学习.tlog\cl.items.tlog
d:\vsprograme\initial-learning-of-c-language\c语言学习\c语言学习\x64\debug\c语言学习.tlog\cl.read.1.tlog
d:\vsprograme\initial-learning-of-c-language\c语言学习\c语言学习\x64\debug\c语言学习.tlog\cl.write.1.tlog
d:\vsprograme\initial-learning-of-c-language\c语言学习\c语言学习\x64\debug\c语言学习.tlog\link.command.1.tlog
d:\vsprograme\initial-learning-of-c-language\c语言学习\c语言学习\x64\debug\c语言学习.tlog\link.read.1.tlog
d:\vsprograme\initial-learning-of-c-language\c语言学习\c语言学习\x64\debug\c语言学习.tlog\link.secondary.1.tlog
d:\vsprograme\initial-learning-of-c-language\c语言学习\c语言学习\x64\debug\c语言学习.tlog\link.write.1.tlog
